2018-09-06 18:47:46 INFO  ControllerServlet:58 - Визвана команда: ua.tania.ann.controller.command.LoginCommand@3fb3519c
2018-09-06 18:47:47 INFO  ControllerServlet:58 - Визвана команда: ua.tania.ann.controller.command.show.ShowAdminPageCommand@1e4d4e87
2018-09-06 20:07:47 INFO  ControllerServlet:59 - Визвана команда: ua.tania.ann.controller.command.ChangeLocaleCommand@359d4236
2018-09-06 20:07:49 INFO  ControllerServlet:59 - Визвана команда: ua.tania.ann.controller.command.ChangeLocaleCommand@359d4236
2018-09-06 20:10:17 INFO  ControllerServlet:59 - Визвана команда: ua.tania.ann.controller.command.ChangeLocaleCommand@359d4236
2018-09-06 20:10:19 INFO  ControllerServlet:59 - Визвана команда: ua.tania.ann.controller.command.ChangeLocaleCommand@359d4236
2018-09-06 20:10:35 INFO  ControllerServlet:59 - Визвана команда: ua.tania.ann.controller.command.LoginCommand@5d7f734e
2018-09-06 20:10:36 INFO  ControllerServlet:59 - Визвана команда: ua.tania.ann.controller.command.show.ShowAdminPageCommand@48069e7
2018-09-06 20:10:43 INFO  ControllerServlet:59 - Визвана команда: ua.tania.ann.controller.command.ChangeLocaleCommand@359d4236
2018-09-06 20:10:43 INFO  ControllerServlet:59 - Визвана команда: ua.tania.ann.controller.command.show.ShowAdminPageCommand@48069e7
2018-09-06 20:10:46 INFO  ControllerServlet:59 - Визвана команда: ua.tania.ann.controller.command.ChangeLocaleCommand@359d4236
2018-09-06 20:10:46 INFO  ControllerServlet:59 - Визвана команда: ua.tania.ann.controller.command.show.ShowAdminPageCommand@48069e7
2018-09-06 20:10:49 INFO  ControllerServlet:59 - Визвана команда: ua.tania.ann.controller.command.show.ShowAddCategoryCommand@55995db2
2018-09-06 20:10:52 INFO  ControllerServlet:59 - Визвана команда: ua.tania.ann.controller.command.ChangeLocaleCommand@359d4236
2018-09-06 20:10:52 INFO  ControllerServlet:59 - Визвана команда: ua.tania.ann.controller.command.show.ShowAddCategoryCommand@55995db2
2018-09-06 20:10:54 INFO  ControllerServlet:59 - Визвана команда: ua.tania.ann.controller.command.ChangeLocaleCommand@359d4236
2018-09-06 20:10:54 INFO  ControllerServlet:59 - Визвана команда: ua.tania.ann.controller.command.show.ShowAddCategoryCommand@55995db2
2018-09-06 20:10:57 INFO  ControllerServlet:59 - Визвана команда: ua.tania.ann.controller.command.show.ShowAddEditionCommand@6a72b8ff
2018-09-06 20:11:07 INFO  ControllerServlet:59 - Визвана команда: ua.tania.ann.controller.command.show.ShowAdminPageCommand@48069e7
2018-09-06 20:11:09 INFO  ControllerServlet:59 - Визвана команда: ua.tania.ann.controller.command.show.ShowAdminPageCommand@48069e7
2018-09-06 20:11:12 INFO  ControllerServlet:59 - Визвана команда: ua.tania.ann.controller.command.show.ShowChangeEditionCommand@7f69ceec
2018-09-06 20:11:16 INFO  ControllerServlet:59 - Визвана команда: ua.tania.ann.controller.command.ChangeLocaleCommand@359d4236
2018-09-06 20:11:16 INFO  ControllerServlet:59 - Визвана команда: ua.tania.ann.controller.command.show.ShowChangeEditionCommand@7f69ceec
2018-09-06 20:11:17 INFO  ControllerServlet:59 - Визвана команда: ua.tania.ann.controller.command.ChangeLocaleCommand@359d4236
2018-09-06 20:11:17 INFO  ControllerServlet:59 - Визвана команда: ua.tania.ann.controller.command.show.ShowChangeEditionCommand@7f69ceec
2018-09-06 20:11:22 INFO  ControllerServlet:59 - Визвана команда: ua.tania.ann.controller.command.LogoutCommand@33df2486
2018-09-06 20:11:35 INFO  ControllerServlet:59 - Визвана команда: ua.tania.ann.controller.command.LoginCommand@5d7f734e
2018-09-06 20:11:35 INFO  ControllerServlet:59 - Визвана команда: ua.tania.ann.controller.command.show.ShowCatalogCommand@288615d4
2018-09-06 20:11:44 INFO  ControllerServlet:59 - Визвана команда: ua.tania.ann.controller.command.user.ReviewSubscriptionsCommand@cdf1b31
2018-09-06 20:14:16 INFO  ControllerServlet:59 - Визвана команда: ua.tania.ann.controller.command.show.ShowCatalogCommand@288615d4
2018-09-06 20:18:46 INFO  ControllerServlet:59 - Визвана команда: ua.tania.ann.controller.command.show.ShowAddToCartPage@589c5a3e
2018-09-06 20:19:49 INFO  ControllerServlet:59 - Визвана команда: ua.tania.ann.controller.command.user.AddToCartCommand@6ff8ea0d
2018-09-06 20:20:12 INFO  ControllerServlet:59 - Визвана команда: ua.tania.ann.controller.command.NoCommand@40ba8bb0
2018-09-06 20:20:23 INFO  ControllerServlet:59 - Визвана команда: ua.tania.ann.controller.command.LoginCommand@5d7f734e
2018-09-06 20:20:23 INFO  ControllerServlet:59 - Визвана команда: ua.tania.ann.controller.command.show.ShowCatalogCommand@288615d4
2018-09-06 20:20:26 INFO  ControllerServlet:59 - Визвана команда: ua.tania.ann.controller.command.show.ShowAddToCartPage@589c5a3e
2018-09-06 20:21:39 INFO  ControllerServlet:59 - Визвана команда: ua.tania.ann.controller.command.user.AddToCartCommand@6ff8ea0d
2018-09-06 20:25:37 INFO  ControllerServlet:59 - Визвана команда: ua.tania.ann.controller.command.user.MakeOrderCommand@3b80fdc4
2018-09-06 20:26:44 INFO  ControllerServlet:59 - Визвана команда: ua.tania.ann.controller.command.user.AddSubscriptionCommand@5f8b38ee
2018-09-06 20:26:44 INFO  ControllerServlet:59 - Визвана команда: ua.tania.ann.controller.command.show.ShowCatalogCommand@288615d4
2018-09-06 20:26:49 INFO  ControllerServlet:59 - Визвана команда: ua.tania.ann.controller.command.show.ShowCatalogCommand@288615d4
2018-09-06 20:26:50 INFO  ControllerServlet:59 - Визвана команда: ua.tania.ann.controller.command.user.ReviewSubscriptionsCommand@cdf1b31
2018-09-06 20:26:54 INFO  ControllerServlet:59 - Визвана команда: ua.tania.ann.controller.command.show.ShowCatalogCommand@288615d4
2018-09-06 20:27:01 INFO  ControllerServlet:59 - Визвана команда: ua.tania.ann.controller.command.LogoutCommand@33df2486
2018-09-06 20:27:09 INFO  ControllerServlet:59 - Визвана команда: ua.tania.ann.controller.command.LoginCommand@5d7f734e
2018-09-06 20:27:09 INFO  ControllerServlet:59 - Визвана команда: ua.tania.ann.controller.command.show.ShowAdminPageCommand@48069e7
2018-09-06 20:27:35 INFO  ControllerServlet:59 - Визвана команда: ua.tania.ann.controller.command.show.ShowAdminPageCommand@48069e7
2018-09-06 20:27:39 INFO  ControllerServlet:59 - Визвана команда: ua.tania.ann.controller.command.show.ShowAddEditionCommand@6a72b8ff
2018-09-06 20:27:50 INFO  ControllerServlet:59 - Визвана команда: ua.tania.ann.controller.command.show.ShowAddCategoryCommand@55995db2
2018-09-06 20:27:58 INFO  ControllerServlet:59 - Визвана команда: ua.tania.ann.controller.command.show.ShowChangeEditionCommand@7f69ceec
2018-09-06 20:28:02 INFO  ControllerServlet:59 - Визвана команда: ua.tania.ann.controller.command.show.ShowAddEditionCategoriesCommand@2afdd861
